{"name":"hexo","hostname":"DESKTOP-2D9G9VF","pid":9760,"level":20,"msg":"Writing database to C:\\Users\\cbigd\\Documents\\GitHub\\channelsray.github.io/db.json","time":"2020-01-28T03:19:28.175Z","v":0}
{"name":"hexo","hostname":"DESKTOP-2D9G9VF","pid":9760,"level":20,"msg":"Hexo version: \u001b[35m3.8.0\u001b[39m","time":"2020-01-28T03:19:28.198Z","v":0}
{"name":"hexo","hostname":"DESKTOP-2D9G9VF","pid":9760,"level":20,"msg":"Working directory: \u001b[35m~\\Documents\\GitHub\\channelsray.github.io\\\u001b[39m","time":"2020-01-28T03:19:28.201Z","v":0}
{"name":"hexo","hostname":"DESKTOP-2D9G9VF","pid":9760,"level":20,"msg":"Config loaded: \u001b[35m~\\Documents\\GitHub\\channelsray.github.io\\_config.yml\u001b[39m","time":"2020-01-28T03:19:28.370Z","v":0}
{"name":"hexo","hostname":"DESKTOP-2D9G9VF","pid":9760,"level":20,"msg":"Plugin loaded: \u001b[35mhexo-generator-baidu-sitemap\u001b[39m","time":"2020-01-28T03:19:28.426Z","v":0}
{"name":"hexo","hostname":"DESKTOP-2D9G9VF","pid":9760,"level":20,"msg":"Plugin loaded: \u001b[35mhexo-generator-archive\u001b[39m","time":"2020-01-28T03:19:28.435Z","v":0}
{"name":"hexo","hostname":"DESKTOP-2D9G9VF","pid":9760,"level":20,"msg":"Plugin loaded: \u001b[35mhexo-deployer-git\u001b[39m","time":"2020-01-28T03:19:28.492Z","v":0}
{"name":"hexo","hostname":"DESKTOP-2D9G9VF","pid":9760,"level":20,"msg":"Plugin loaded: \u001b[35mhexo-generator-category\u001b[39m","time":"2020-01-28T03:19:28.499Z","v":0}
{"name":"hexo","hostname":"DESKTOP-2D9G9VF","pid":9760,"level":20,"msg":"Plugin loaded: \u001b[35mhexo-generator-feed\u001b[39m","time":"2020-01-28T03:19:28.508Z","v":0}
{"name":"hexo","hostname":"DESKTOP-2D9G9VF","pid":9760,"level":20,"msg":"Plugin loaded: \u001b[35mhexo-generator-index\u001b[39m","time":"2020-01-28T03:19:28.526Z","v":0}
{"name":"hexo","hostname":"DESKTOP-2D9G9VF","pid":9760,"level":20,"msg":"Plugin loaded: \u001b[35mhexo-generator-json-content\u001b[39m","time":"2020-01-28T03:19:28.639Z","v":0}
{"name":"hexo","hostname":"DESKTOP-2D9G9VF","pid":9760,"level":20,"msg":"Plugin loaded: \u001b[35mhexo-generator-search-zip\u001b[39m","time":"2020-01-28T03:19:28.764Z","v":0}
{"name":"hexo","hostname":"DESKTOP-2D9G9VF","pid":9760,"level":20,"msg":"Plugin loaded: \u001b[35mhexo-generator-sitemap\u001b[39m","time":"2020-01-28T03:19:28.770Z","v":0}
{"name":"hexo","hostname":"DESKTOP-2D9G9VF","pid":9760,"level":20,"msg":"Plugin loaded: \u001b[35mhexo-generator-tag\u001b[39m","time":"2020-01-28T03:19:28.781Z","v":0}
{"name":"hexo","hostname":"DESKTOP-2D9G9VF","pid":9760,"level":20,"msg":"Plugin loaded: \u001b[35mhexo-renderer-ejs\u001b[39m","time":"2020-01-28T03:19:28.787Z","v":0}
{"name":"hexo","hostname":"DESKTOP-2D9G9VF","pid":9760,"level":20,"msg":"Plugin loaded: \u001b[35mhexo-renderer-marked\u001b[39m","time":"2020-01-28T03:19:28.799Z","v":0}
{"name":"hexo","hostname":"DESKTOP-2D9G9VF","pid":9760,"level":20,"msg":"Plugin loaded: \u001b[35mhexo-renderer-stylus\u001b[39m","time":"2020-01-28T03:19:28.802Z","v":0}
{"name":"hexo","hostname":"DESKTOP-2D9G9VF","pid":9760,"level":20,"msg":"Plugin loaded: \u001b[35mhexo-server\u001b[39m","time":"2020-01-28T03:19:28.896Z","v":0}
{"name":"hexo","hostname":"DESKTOP-2D9G9VF","pid":9760,"level":20,"msg":"Plugin loaded: \u001b[35mhexo-wordcount\u001b[39m","time":"2020-01-28T03:19:28.900Z","v":0}
{"name":"hexo","hostname":"DESKTOP-2D9G9VF","pid":9760,"level":20,"msg":"Script loaded: \u001b[35mthemes\\nexmoe\\scripts\\helper\\js_auto_version.js\u001b[39m","time":"2020-01-28T03:19:28.915Z","v":0}
{"name":"hexo","hostname":"DESKTOP-2D9G9VF","pid":9760,"level":20,"msg":"Script loaded: \u001b[35mthemes\\nexmoe\\scripts\\helper\\css_auto_version.js\u001b[39m","time":"2020-01-28T03:19:28.916Z","v":0}
{"name":"hexo","hostname":"DESKTOP-2D9G9VF","pid":9760,"level":20,"msg":"Loading database.","time":"2020-01-28T03:19:28.944Z","v":0}
{"name":"hexo","hostname":"DESKTOP-2D9G9VF","pid":9760,"level":30,"msg":"Start processing","time":"2020-01-28T03:19:29.008Z","v":0}
{"name":"hexo","hostname":"DESKTOP-2D9G9VF","pid":9760,"level":20,"msg":"Processed: \u001b[35m_posts/Linux配置tomcat自动启动.md\u001b[39m","time":"2020-01-28T03:19:29.087Z","v":0}
{"name":"hexo","hostname":"DESKTOP-2D9G9VF","pid":9760,"level":20,"msg":"Processed: \u001b[35m_posts/Tomcat启动时卡住.md\u001b[39m","time":"2020-01-28T03:19:29.090Z","v":0}
{"name":"hexo","hostname":"DESKTOP-2D9G9VF","pid":9760,"level":20,"msg":"Processed: \u001b[35m_posts/VSCode插件提升hexo体验.md\u001b[39m","time":"2020-01-28T03:19:29.099Z","v":0}
{"name":"hexo","hostname":"DESKTOP-2D9G9VF","pid":9760,"level":20,"msg":"Processed: \u001b[35m_posts/vsftpd安装与配置.md\u001b[39m","time":"2020-01-28T03:19:29.101Z","v":0}
{"name":"hexo","hostname":"DESKTOP-2D9G9VF","pid":9760,"level":20,"msg":"Processed: \u001b[35mcategories/index.md\u001b[39m","time":"2020-01-28T03:19:29.112Z","v":0}
{"name":"hexo","hostname":"DESKTOP-2D9G9VF","pid":9760,"level":20,"msg":"Processed: \u001b[35mtags/index.md\u001b[39m","time":"2020-01-28T03:19:29.115Z","v":0}
{"name":"hexo","hostname":"DESKTOP-2D9G9VF","pid":9760,"level":20,"msg":"Theme config loaded.","time":"2020-01-28T03:19:29.160Z","v":0}
{"name":"hexo","hostname":"DESKTOP-2D9G9VF","pid":9760,"level":20,"msg":"Processed: \u001b[35m_config.yml\u001b[39m","time":"2020-01-28T03:19:29.166Z","v":0}
{"name":"hexo","hostname":"DESKTOP-2D9G9VF","pid":9760,"level":20,"msg":"Processed: \u001b[35msource/css/style.styl\u001b[39m","time":"2020-01-28T03:19:29.180Z","v":0}
{"name":"hexo","hostname":"DESKTOP-2D9G9VF","pid":9760,"level":20,"msg":"Processed: \u001b[35msource/js/app.js\u001b[39m","time":"2020-01-28T03:19:29.183Z","v":0}
{"name":"hexo","hostname":"DESKTOP-2D9G9VF","pid":9760,"level":20,"msg":"Processed: \u001b[35mlayout/layout.ejs\u001b[39m","time":"2020-01-28T03:19:29.199Z","v":0}
{"name":"hexo","hostname":"DESKTOP-2D9G9VF","pid":9760,"level":20,"msg":"Processed: \u001b[35mlayout/index.ejs\u001b[39m","time":"2020-01-28T03:19:29.201Z","v":0}
{"name":"hexo","hostname":"DESKTOP-2D9G9VF","pid":9760,"level":20,"msg":"Processed: \u001b[35mlayout/post.ejs\u001b[39m","time":"2020-01-28T03:19:29.212Z","v":0}
{"name":"hexo","hostname":"DESKTOP-2D9G9VF","pid":9760,"level":20,"msg":"Processed: \u001b[35mlayout/py.ejs\u001b[39m","time":"2020-01-28T03:19:29.215Z","v":0}
{"name":"hexo","hostname":"DESKTOP-2D9G9VF","pid":9760,"level":50,"err":{"message":"Unexpected token ')' in C:\\Users\\cbigd\\Documents\\GitHub\\channelsray.github.io\\themes\\nexmoe\\layout\\archive.ejs while compiling ejs\n\nIf the above error is not helpful, you may want to try EJS-Lint:\nhttps://github.com/RyanZim/EJS-Lint\nOr, if you meant to create an async function, pass async: true as an option.","name":"SyntaxError","stack":"SyntaxError: Unexpected token ')' in C:\\Users\\cbigd\\Documents\\GitHub\\channelsray.github.io\\themes\\nexmoe\\layout\\archive.ejs while compiling ejs\n\nIf the above error is not helpful, you may want to try EJS-Lint:\nhttps://github.com/RyanZim/EJS-Lint\nOr, if you meant to create an async function, pass async: true as an option.\n    at new Function (<anonymous>)\n    at Template.compile (C:\\Users\\cbigd\\Documents\\GitHub\\channelsray.github.io\\node_modules\\ejs\\lib\\ejs.js:618:12)\n    at Object.compile (C:\\Users\\cbigd\\Documents\\GitHub\\channelsray.github.io\\node_modules\\ejs\\lib\\ejs.js:389:16)\n    at Function.ejsRenderer.compile (C:\\Users\\cbigd\\Documents\\GitHub\\channelsray.github.io\\node_modules\\hexo-renderer-ejs\\lib\\renderer.js:11:14)\n    at Theme._View.View.View._precompile (C:\\Users\\cbigd\\Documents\\GitHub\\channelsray.github.io\\node_modules\\hexo\\lib\\theme\\view.js:118:31)\n    at Theme._View.View.View (C:\\Users\\cbigd\\Documents\\GitHub\\channelsray.github.io\\node_modules\\hexo\\lib\\theme\\view.js:14:8)\n    at new Theme._View.View (C:\\Users\\cbigd\\Documents\\GitHub\\channelsray.github.io\\node_modules\\hexo\\lib\\theme\\index.js:37:10)\n    at Theme.setView (C:\\Users\\cbigd\\Documents\\GitHub\\channelsray.github.io\\node_modules\\hexo\\lib\\theme\\index.js:71:20)\n    at C:\\Users\\cbigd\\Documents\\GitHub\\channelsray.github.io\\node_modules\\hexo\\lib\\theme\\processors\\view.js:14:14\n    at tryCatcher (C:\\Users\\cbigd\\Documents\\GitHub\\channelsray.github.io\\node_modules\\bluebird\\js\\release\\util.js:16:23)\n    at Promise._settlePromiseFromHandler (C:\\Users\\cbigd\\Documents\\GitHub\\channelsray.github.io\\node_modules\\bluebird\\js\\release\\promise.js:512:31)\n    at Promise._settlePromise (C:\\Users\\cbigd\\Documents\\GitHub\\channelsray.github.io\\node_modules\\bluebird\\js\\release\\promise.js:569:18)\n    at Promise._settlePromise0 (C:\\Users\\cbigd\\Documents\\GitHub\\channelsray.github.io\\node_modules\\bluebird\\js\\release\\promise.js:614:10)\n    at Promise._settlePromises (C:\\Users\\cbigd\\Documents\\GitHub\\channelsray.github.io\\node_modules\\bluebird\\js\\release\\promise.js:693:18)\n    at Promise._fulfill (C:\\Users\\cbigd\\Documents\\GitHub\\channelsray.github.io\\node_modules\\bluebird\\js\\release\\promise.js:638:18)\n    at Promise._resolveCallback (C:\\Users\\cbigd\\Documents\\GitHub\\channelsray.github.io\\node_modules\\bluebird\\js\\release\\promise.js:432:57)\n    at Promise._settlePromiseFromHandler (C:\\Users\\cbigd\\Documents\\GitHub\\channelsray.github.io\\node_modules\\bluebird\\js\\release\\promise.js:524:17)\n    at Promise._settlePromise (C:\\Users\\cbigd\\Documents\\GitHub\\channelsray.github.io\\node_modules\\bluebird\\js\\release\\promise.js:569:18)\n    at Promise._settlePromise0 (C:\\Users\\cbigd\\Documents\\GitHub\\channelsray.github.io\\node_modules\\bluebird\\js\\release\\promise.js:614:10)\n    at Promise._settlePromises (C:\\Users\\cbigd\\Documents\\GitHub\\channelsray.github.io\\node_modules\\bluebird\\js\\release\\promise.js:693:18)\n    at Promise._fulfill (C:\\Users\\cbigd\\Documents\\GitHub\\channelsray.github.io\\node_modules\\bluebird\\js\\release\\promise.js:638:18)\n    at C:\\Users\\cbigd\\Documents\\GitHub\\channelsray.github.io\\node_modules\\bluebird\\js\\release\\nodeback.js:42:21"},"msg":"Process failed: \u001b[35mlayout/archive.ejs\u001b[39m","time":"2020-01-28T03:19:29.228Z","v":0}
{"name":"hexo","hostname":"DESKTOP-2D9G9VF","pid":9760,"level":20,"msg":"Processed: \u001b[35mlanguages/zh-HK.yml\u001b[39m","time":"2020-01-28T03:19:29.234Z","v":0}
{"name":"hexo","hostname":"DESKTOP-2D9G9VF","pid":9760,"level":20,"msg":"Processed: \u001b[35mlanguages/default.yml\u001b[39m","time":"2020-01-28T03:19:29.240Z","v":0}
{"name":"hexo","hostname":"DESKTOP-2D9G9VF","pid":9760,"level":20,"msg":"Processed: \u001b[35mlanguages/zh-CN.yml\u001b[39m","time":"2020-01-28T03:19:29.250Z","v":0}
{"name":"hexo","hostname":"DESKTOP-2D9G9VF","pid":9760,"level":20,"msg":"Processed: \u001b[35mlanguages/zh-TW.yml\u001b[39m","time":"2020-01-28T03:19:29.252Z","v":0}
{"name":"hexo","hostname":"DESKTOP-2D9G9VF","pid":9760,"level":20,"msg":"Processed: \u001b[35mlanguages/en.yml\u001b[39m","time":"2020-01-28T03:19:29.254Z","v":0}
{"name":"hexo","hostname":"DESKTOP-2D9G9VF","pid":9760,"level":20,"msg":"Processed: \u001b[35mlayout/_partial/after-footer.ejs\u001b[39m","time":"2020-01-28T03:19:29.268Z","v":0}
{"name":"hexo","hostname":"DESKTOP-2D9G9VF","pid":9760,"level":20,"msg":"Processed: \u001b[35mlayout/_partial/analytics.ejs\u001b[39m","time":"2020-01-28T03:19:29.270Z","v":0}
{"name":"hexo","hostname":"DESKTOP-2D9G9VF","pid":9760,"level":20,"msg":"Processed: \u001b[35mlayout/_partial/comment.ejs\u001b[39m","time":"2020-01-28T03:19:29.272Z","v":0}
{"name":"hexo","hostname":"DESKTOP-2D9G9VF","pid":9760,"level":20,"msg":"Processed: \u001b[35mlayout/_partial/copyright.ejs\u001b[39m","time":"2020-01-28T03:19:29.291Z","v":0}
{"name":"hexo","hostname":"DESKTOP-2D9G9VF","pid":9760,"level":20,"msg":"Processed: \u001b[35mlayout/_partial/header.ejs\u001b[39m","time":"2020-01-28T03:19:29.302Z","v":0}
{"name":"hexo","hostname":"DESKTOP-2D9G9VF","pid":9760,"level":20,"msg":"Processed: \u001b[35mlayout/_partial/paginator.ejs\u001b[39m","time":"2020-01-28T03:19:29.304Z","v":0}
{"name":"hexo","hostname":"DESKTOP-2D9G9VF","pid":9760,"level":20,"msg":"Processed: \u001b[35mlayout/_partial/sidebar.ejs\u001b[39m","time":"2020-01-28T03:19:29.315Z","v":0}
{"name":"hexo","hostname":"DESKTOP-2D9G9VF","pid":9760,"level":20,"msg":"Processed: \u001b[35mlayout/_widget/recent_posts.ejs\u001b[39m","time":"2020-01-28T03:19:29.318Z","v":0}
{"name":"hexo","hostname":"DESKTOP-2D9G9VF","pid":9760,"level":20,"msg":"Processed: \u001b[35mlayout/_widget/archive.ejs\u001b[39m","time":"2020-01-28T03:19:29.329Z","v":0}
{"name":"hexo","hostname":"DESKTOP-2D9G9VF","pid":9760,"level":20,"msg":"Processed: \u001b[35mlayout/_partial/site-verification.ejs\u001b[39m","time":"2020-01-28T03:19:29.332Z","v":0}
{"name":"hexo","hostname":"DESKTOP-2D9G9VF","pid":9760,"level":20,"msg":"Processed: \u001b[35mlayout/_widget/category.ejs\u001b[39m","time":"2020-01-28T03:19:29.340Z","v":0}
{"name":"hexo","hostname":"DESKTOP-2D9G9VF","pid":9760,"level":20,"msg":"Processed: \u001b[35mlayout/_widget/search.ejs\u001b[39m","time":"2020-01-28T03:19:29.351Z","v":0}
{"name":"hexo","hostname":"DESKTOP-2D9G9VF","pid":9760,"level":20,"msg":"Processed: \u001b[35mlayout/_widget/social.ejs\u001b[39m","time":"2020-01-28T03:19:29.354Z","v":0}
{"name":"hexo","hostname":"DESKTOP-2D9G9VF","pid":9760,"level":20,"msg":"Processed: \u001b[35mlayout/_widget/tag.ejs\u001b[39m","time":"2020-01-28T03:19:29.354Z","v":0}
{"name":"hexo","hostname":"DESKTOP-2D9G9VF","pid":9760,"level":20,"msg":"Processed: \u001b[35mlayout/_widget/tagcloud.ejs\u001b[39m","time":"2020-01-28T03:19:29.367Z","v":0}
{"name":"hexo","hostname":"DESKTOP-2D9G9VF","pid":9760,"level":20,"msg":"Processed: \u001b[35mlayout/_partial/_comment/changyan.ejs\u001b[39m","time":"2020-01-28T03:19:29.377Z","v":0}
{"name":"hexo","hostname":"DESKTOP-2D9G9VF","pid":9760,"level":20,"msg":"Processed: \u001b[35mlayout/_partial/_comment/disqus.ejs\u001b[39m","time":"2020-01-28T03:19:29.378Z","v":0}
{"name":"hexo","hostname":"DESKTOP-2D9G9VF","pid":9760,"level":20,"msg":"Processed: \u001b[35mlayout/_partial/_comment/DiscussBot.ejs\u001b[39m","time":"2020-01-28T03:19:29.387Z","v":0}
{"name":"hexo","hostname":"DESKTOP-2D9G9VF","pid":9760,"level":20,"msg":"Processed: \u001b[35mlayout/_partial/_comment/disqusjs.ejs\u001b[39m","time":"2020-01-28T03:19:29.390Z","v":0}
{"name":"hexo","hostname":"DESKTOP-2D9G9VF","pid":9760,"level":20,"msg":"Processed: \u001b[35mlayout/_partial/_comment/gitalk.ejs\u001b[39m","time":"2020-01-28T03:19:29.401Z","v":0}
{"name":"hexo","hostname":"DESKTOP-2D9G9VF","pid":9760,"level":20,"msg":"Processed: \u001b[35mlayout/_partial/_comment/gitment.ejs\u001b[39m","time":"2020-01-28T03:19:29.403Z","v":0}
{"name":"hexo","hostname":"DESKTOP-2D9G9VF","pid":9760,"level":20,"msg":"Processed: \u001b[35mlayout/_partial/_comment/valine.ejs\u001b[39m","time":"2020-01-28T03:19:29.415Z","v":0}
{"name":"hexo","hostname":"DESKTOP-2D9G9VF","pid":9760,"level":20,"msg":"Processed: \u001b[35mlayout/_partial/_comment/livere.ejs\u001b[39m","time":"2020-01-28T03:19:29.416Z","v":0}
{"name":"hexo","hostname":"DESKTOP-2D9G9VF","pid":9760,"level":20,"msg":"Processed: \u001b[35mlayout/_partial/_analytics/baidu.ejs\u001b[39m","time":"2020-01-28T03:19:29.417Z","v":0}
{"name":"hexo","hostname":"DESKTOP-2D9G9VF","pid":9760,"level":20,"msg":"Processed: \u001b[35mlayout/_partial/_analytics/cnzz.ejs\u001b[39m","time":"2020-01-28T03:19:29.431Z","v":0}
{"name":"hexo","hostname":"DESKTOP-2D9G9VF","pid":9760,"level":20,"msg":"Processed: \u001b[35mlayout/_partial/_analytics/google.ejs\u001b[39m","time":"2020-01-28T03:19:29.439Z","v":0}
{"name":"hexo","hostname":"DESKTOP-2D9G9VF","pid":9760,"level":20,"msg":"Processed: \u001b[35mlayout/_partial/_analytics/gtm-head.ejs\u001b[39m","time":"2020-01-28T03:19:29.451Z","v":0}
{"name":"hexo","hostname":"DESKTOP-2D9G9VF","pid":9760,"level":20,"msg":"Processed: \u001b[35mlayout/_partial/_analytics/gtags.ejs\u001b[39m","time":"2020-01-28T03:19:29.453Z","v":0}
{"name":"hexo","hostname":"DESKTOP-2D9G9VF","pid":9760,"level":20,"msg":"Processed: \u001b[35mlayout/_partial/_analytics/gtm-body.ejs\u001b[39m","time":"2020-01-28T03:19:29.454Z","v":0}
{"name":"hexo","hostname":"DESKTOP-2D9G9VF","pid":9760,"level":20,"msg":"Processed: \u001b[35mlayout/_partial/_analytics/la.ejs\u001b[39m","time":"2020-01-28T03:19:29.467Z","v":0}
{"name":"hexo","hostname":"DESKTOP-2D9G9VF","pid":9760,"level":20,"msg":"Processed: \u001b[35mlayout/_partial/_analytics/tencent.ejs\u001b[39m","time":"2020-01-28T03:19:29.467Z","v":0}
{"name":"hexo","hostname":"DESKTOP-2D9G9VF","pid":9760,"level":20,"msg":"Generator: \u001b[35mpage\u001b[39m","time":"2020-01-28T03:19:29.728Z","v":0}
{"name":"hexo","hostname":"DESKTOP-2D9G9VF","pid":9760,"level":20,"msg":"Generator: \u001b[35mpost\u001b[39m","time":"2020-01-28T03:19:29.731Z","v":0}
{"name":"hexo","hostname":"DESKTOP-2D9G9VF","pid":9760,"level":20,"msg":"Generator: \u001b[35mbaidusitemap\u001b[39m","time":"2020-01-28T03:19:29.732Z","v":0}
{"name":"hexo","hostname":"DESKTOP-2D9G9VF","pid":9760,"level":20,"msg":"Generator: \u001b[35marchive\u001b[39m","time":"2020-01-28T03:19:29.752Z","v":0}
{"name":"hexo","hostname":"DESKTOP-2D9G9VF","pid":9760,"level":20,"msg":"Generator: \u001b[35mcategory\u001b[39m","time":"2020-01-28T03:19:29.752Z","v":0}
{"name":"hexo","hostname":"DESKTOP-2D9G9VF","pid":9760,"level":20,"msg":"Generator: \u001b[35mfeed\u001b[39m","time":"2020-01-28T03:19:29.755Z","v":0}
{"name":"hexo","hostname":"DESKTOP-2D9G9VF","pid":9760,"level":20,"msg":"Generator: \u001b[35mindex\u001b[39m","time":"2020-01-28T03:19:29.756Z","v":0}
{"name":"hexo","hostname":"DESKTOP-2D9G9VF","pid":9760,"level":20,"msg":"Generator: \u001b[35mjson-content\u001b[39m","time":"2020-01-28T03:19:29.758Z","v":0}
{"name":"hexo","hostname":"DESKTOP-2D9G9VF","pid":9760,"level":20,"msg":"Generator: \u001b[35mzip\u001b[39m","time":"2020-01-28T03:19:29.760Z","v":0}
{"name":"hexo","hostname":"DESKTOP-2D9G9VF","pid":9760,"level":20,"msg":"Generator: \u001b[35msitemap\u001b[39m","time":"2020-01-28T03:19:29.761Z","v":0}
{"name":"hexo","hostname":"DESKTOP-2D9G9VF","pid":9760,"level":20,"msg":"Generator: \u001b[35mtag\u001b[39m","time":"2020-01-28T03:19:29.765Z","v":0}
{"name":"hexo","hostname":"DESKTOP-2D9G9VF","pid":9760,"level":20,"msg":"Generator: \u001b[35masset\u001b[39m","time":"2020-01-28T03:19:29.778Z","v":0}
{"name":"hexo","hostname":"DESKTOP-2D9G9VF","pid":9760,"level":30,"msg":"Hexo is running at \u001b[4mhttp://localhost:4000/\u001b[24m. Press Ctrl+C to stop.","time":"2020-01-28T03:19:29.803Z","v":0}
{"name":"hexo","hostname":"DESKTOP-2D9G9VF","pid":9760,"level":20,"msg":"Database saved","time":"2020-01-28T03:19:29.818Z","v":0}
{"name":"hexo","hostname":"DESKTOP-2D9G9VF","pid":9760,"level":30,"msg":"Bye!","time":"2020-01-28T03:21:58.319Z","v":0}
{"name":"hexo","hostname":"DESKTOP-2D9G9VF","pid":9760,"level":20,"msg":"Database saved","time":"2020-01-28T03:21:58.347Z","v":0}
